2026-01-14 00:00:44,644 - __main__ - INFO - Initialized ZMQServiceManager
2026-01-14 00:00:44,644 - __main__ - INFO - ======================================================================
2026-01-14 00:00:44,644 - __main__ - INFO - STOPPING ALL ZMQ SERVICES
2026-01-14 00:00:44,645 - __main__ - INFO - ======================================================================
2026-01-14 00:00:44,645 - __main__ - INFO - Stopping subscribers...
2026-01-14 00:00:45,645 - __main__ - INFO - Stopping publishers...
2026-01-14 00:00:45,646 - __main__ - INFO - ======================================================================
2026-01-14 00:00:45,646 - __main__ - INFO - ALL SERVICES STOPPED
2026-01-14 00:00:45,646 - __main__ - INFO - ======================================================================
2026-01-14 00:02:27,925 - __main__ - INFO - Initialized ZMQServiceManager
2026-01-14 00:02:27,925 - __main__ - INFO - ======================================================================
2026-01-14 00:02:27,925 - __main__ - INFO - STOPPING ALL ZMQ SERVICES
2026-01-14 00:02:27,925 - __main__ - INFO - ======================================================================
2026-01-14 00:02:27,925 - __main__ - INFO - Stopping subscribers...
2026-01-14 00:02:28,926 - __main__ - INFO - Stopping publishers...
2026-01-14 00:02:28,927 - __main__ - INFO - ======================================================================
2026-01-14 00:02:28,927 - __main__ - INFO - ALL SERVICES STOPPED
2026-01-14 00:02:28,927 - __main__ - INFO - ======================================================================
2026-01-14 00:03:03,008 - __main__ - INFO - Initialized ZMQServiceManager
2026-01-14 00:03:03,009 - __main__ - INFO - ======================================================================
2026-01-14 00:03:03,009 - __main__ - INFO - STOPPING ALL ZMQ SERVICES
2026-01-14 00:03:03,009 - __main__ - INFO - ======================================================================
2026-01-14 00:03:03,009 - __main__ - INFO - Stopping subscribers...
2026-01-14 00:03:04,009 - __main__ - INFO - Stopping publishers...
2026-01-14 00:03:04,009 - __main__ - INFO - ======================================================================
2026-01-14 00:03:04,009 - __main__ - INFO - ALL SERVICES STOPPED
2026-01-14 00:03:04,009 - __main__ - INFO - ======================================================================
2026-01-14 00:11:54,149 - __main__ - INFO - Initialized ZMQServiceManager
2026-01-14 00:11:54,149 - __main__ - INFO - ======================================================================
2026-01-14 00:11:54,149 - __main__ - INFO - STARTING ALL ZMQ SERVICES
2026-01-14 00:11:54,149 - __main__ - INFO - ======================================================================
2026-01-14 00:11:54,149 - __main__ - INFO - Loaded configuration from /home/textolytics/nbpy/integration_config.json
2026-01-14 00:11:54,150 - __main__ - INFO - Created 5 publisher service(s)
2026-01-14 00:11:54,150 - __main__ - INFO - Created 3 subscriber service(s)
2026-01-14 00:11:54,150 - __main__ - INFO - Starting publishers...
2026-01-14 00:11:54,150 - __main__ - INFO - Starting kraken_tick: /home/textolytics/nbpy/nbpy/bin/python -m nbpy.zmq.publishers.kraken_tick
2026-01-14 00:11:54,651 - __main__ - ERROR - ✗ kraken_tick failed to start
2026-01-14 00:11:55,152 - __main__ - INFO - Starting kraken_depth: /home/textolytics/nbpy/nbpy/bin/python -m nbpy.zmq.publishers.kraken_depth
2026-01-14 00:11:55,656 - __main__ - ERROR - ✗ kraken_depth failed to start
2026-01-14 00:11:56,157 - __main__ - INFO - Starting kraken_orders: /home/textolytics/nbpy/nbpy/bin/python -m nbpy.zmq.publishers.kraken_orders
2026-01-14 00:11:56,659 - __main__ - ERROR - ✗ kraken_orders failed to start
2026-01-14 00:11:57,160 - __main__ - INFO - Starting oanda_tick: /home/textolytics/nbpy/nbpy/bin/python -m nbpy.zmq.publishers.oanda_tick
2026-01-14 00:11:57,665 - __main__ - ERROR - ✗ oanda_tick failed to start
2026-01-14 00:11:58,167 - __main__ - INFO - Starting betfair_stream: /home/textolytics/nbpy/nbpy/bin/python -m nbpy.zmq.publishers.betfair_stream
2026-01-14 00:11:58,670 - __main__ - ERROR - ✗ betfair_stream failed to start
2026-01-14 00:11:59,171 - __main__ - INFO - Stopping publishers...
2026-01-14 00:11:59,172 - __main__ - INFO - Stopping kraken_tick (PID: 34237)...
2026-01-14 00:11:59,172 - __main__ - INFO - ✓ kraken_tick stopped gracefully
2026-01-14 00:11:59,172 - __main__ - INFO - Stopping kraken_depth (PID: 34252)...
2026-01-14 00:11:59,172 - __main__ - INFO - ✓ kraken_depth stopped gracefully
2026-01-14 00:11:59,172 - __main__ - INFO - Stopping kraken_orders (PID: 34273)...
2026-01-14 00:11:59,173 - __main__ - INFO - ✓ kraken_orders stopped gracefully
2026-01-14 00:11:59,173 - __main__ - INFO - Stopping oanda_tick (PID: 34274)...
2026-01-14 00:11:59,173 - __main__ - INFO - ✓ oanda_tick stopped gracefully
2026-01-14 00:11:59,173 - __main__ - INFO - Stopping betfair_stream (PID: 34281)...
2026-01-14 00:11:59,173 - __main__ - INFO - ✓ betfair_stream stopped gracefully
2026-01-14 00:28:10,124 - __main__ - INFO - Initialized ZMQServiceManager
2026-01-14 00:28:10,124 - __main__ - INFO - ======================================================================
2026-01-14 00:28:10,125 - __main__ - INFO - STARTING ALL ZMQ SERVICES
2026-01-14 00:28:10,125 - __main__ - INFO - ======================================================================
2026-01-14 00:28:10,125 - __main__ - INFO - Loaded configuration from /home/textolytics/nbpy/integration_config.json
2026-01-14 00:28:10,125 - __main__ - INFO - Created 5 publisher service(s)
2026-01-14 00:28:10,125 - __main__ - INFO - Created 3 subscriber service(s)
2026-01-14 00:28:10,125 - __main__ - INFO - Starting publishers...
2026-01-14 00:28:10,125 - __main__ - INFO - Starting kraken_tick: /home/textolytics/nbpy/nbpy/bin/python -m nbpy.zmq.publishers.kraken_tick
2026-01-14 00:28:10,627 - __main__ - INFO - ✓ kraken_tick started (PID: 41878)
2026-01-14 00:28:11,128 - __main__ - INFO - Starting kraken_depth: /home/textolytics/nbpy/nbpy/bin/python -m nbpy.zmq.publishers.kraken_depth
2026-01-14 00:28:11,629 - __main__ - INFO - ✓ kraken_depth started (PID: 41902)
2026-01-14 00:28:12,130 - __main__ - INFO - Starting kraken_orders: /home/textolytics/nbpy/nbpy/bin/python -m nbpy.zmq.publishers.kraken_orders
2026-01-14 00:28:12,631 - __main__ - ERROR - ✗ kraken_orders failed to start
2026-01-14 00:28:13,132 - __main__ - INFO - Starting oanda_tick: /home/textolytics/nbpy/nbpy/bin/python -m nbpy.zmq.publishers.oanda_tick
2026-01-14 00:28:13,633 - __main__ - ERROR - ✗ oanda_tick failed to start
2026-01-14 00:28:14,133 - __main__ - INFO - Starting betfair_stream: /home/textolytics/nbpy/nbpy/bin/python -m nbpy.zmq.publishers.betfair_stream
2026-01-14 00:28:14,634 - __main__ - ERROR - ✗ betfair_stream failed to start
2026-01-14 00:28:15,135 - __main__ - INFO - Stopping publishers...
2026-01-14 00:28:15,136 - __main__ - INFO - Stopping kraken_tick (PID: 41878)...
2026-01-14 00:28:15,146 - __main__ - INFO - ✓ kraken_tick stopped gracefully
2026-01-14 00:28:15,146 - __main__ - INFO - Stopping kraken_depth (PID: 41902)...
2026-01-14 00:28:15,154 - __main__ - INFO - ✓ kraken_depth stopped gracefully
2026-01-14 00:28:15,154 - __main__ - INFO - Stopping kraken_orders (PID: 41922)...
2026-01-14 00:28:15,154 - __main__ - INFO - ✓ kraken_orders stopped gracefully
2026-01-14 00:28:15,155 - __main__ - INFO - Stopping oanda_tick (PID: 41930)...
2026-01-14 00:28:15,155 - __main__ - INFO - ✓ oanda_tick stopped gracefully
2026-01-14 00:28:15,155 - __main__ - INFO - Stopping betfair_stream (PID: 41936)...
2026-01-14 00:28:15,155 - __main__ - INFO - ✓ betfair_stream stopped gracefully
2026-01-14 00:41:06,004 - __main__ - INFO - Initialized ZMQServiceManager
2026-01-14 00:41:06,005 - __main__ - INFO - ======================================================================
2026-01-14 00:41:06,005 - __main__ - INFO - STARTING ALL ZMQ SERVICES
2026-01-14 00:41:06,005 - __main__ - INFO - ======================================================================
2026-01-14 00:41:06,005 - __main__ - INFO - Loaded configuration from /home/textolytics/nbpy/integration_config.json
2026-01-14 00:41:06,005 - __main__ - INFO - Created 5 publisher service(s)
2026-01-14 00:41:06,005 - __main__ - INFO - Created 3 subscriber service(s)
2026-01-14 00:41:06,005 - __main__ - INFO - Starting publishers...
2026-01-14 00:41:06,005 - __main__ - INFO - Starting kraken_tick: /home/textolytics/nbpy/nbpy/bin/python -m nbpy.zmq.publishers.kraken_tick
2026-01-14 00:41:06,507 - __main__ - INFO - ✓ kraken_tick started (PID: 48402)
2026-01-14 00:41:07,008 - __main__ - INFO - Starting kraken_depth: /home/textolytics/nbpy/nbpy/bin/python -m nbpy.zmq.publishers.kraken_depth
2026-01-14 00:41:07,510 - __main__ - INFO - ✓ kraken_depth started (PID: 48426)
2026-01-14 00:41:08,012 - __main__ - INFO - Starting kraken_orders: /home/textolytics/nbpy/nbpy/bin/python -m nbpy.zmq.publishers.kraken_orders
2026-01-14 00:41:08,516 - __main__ - ERROR - ✗ kraken_orders failed to start
2026-01-14 00:41:09,018 - __main__ - INFO - Starting oanda_tick: /home/textolytics/nbpy/nbpy/bin/python -m nbpy.zmq.publishers.oanda_tick
2026-01-14 00:41:09,519 - __main__ - ERROR - ✗ oanda_tick failed to start
2026-01-14 00:41:10,019 - __main__ - INFO - Starting betfair_stream: /home/textolytics/nbpy/nbpy/bin/python -m nbpy.zmq.publishers.betfair_stream
2026-01-14 00:41:10,521 - __main__ - ERROR - ✗ betfair_stream failed to start
2026-01-14 00:41:11,022 - __main__ - INFO - Stopping publishers...
2026-01-14 00:41:11,023 - __main__ - INFO - Stopping kraken_tick (PID: 48402)...
2026-01-14 00:41:11,040 - __main__ - INFO - ✓ kraken_tick stopped gracefully
2026-01-14 00:41:11,040 - __main__ - INFO - Stopping kraken_depth (PID: 48426)...
2026-01-14 00:41:11,047 - __main__ - INFO - ✓ kraken_depth stopped gracefully
2026-01-14 00:41:11,048 - __main__ - INFO - Stopping kraken_orders (PID: 48446)...
2026-01-14 00:41:11,048 - __main__ - INFO - ✓ kraken_orders stopped gracefully
2026-01-14 00:41:11,048 - __main__ - INFO - Stopping oanda_tick (PID: 48457)...
2026-01-14 00:41:11,048 - __main__ - INFO - ✓ oanda_tick stopped gracefully
2026-01-14 00:41:11,048 - __main__ - INFO - Stopping betfair_stream (PID: 48460)...
2026-01-14 00:41:11,048 - __main__ - INFO - ✓ betfair_stream stopped gracefully
2026-01-14 01:07:17,889 - __main__ - INFO - Initialized ZMQServiceManager
2026-01-14 01:07:17,889 - __main__ - INFO - ======================================================================
2026-01-14 01:07:17,889 - __main__ - INFO - STARTING ALL ZMQ SERVICES
2026-01-14 01:07:17,889 - __main__ - INFO - ======================================================================
2026-01-14 01:07:17,890 - __main__ - INFO - Loaded configuration from /home/textolytics/nbpy/integration_config.json
2026-01-14 01:07:17,890 - __main__ - INFO - Created 5 publisher service(s)
2026-01-14 01:07:17,890 - __main__ - INFO - Created 3 subscriber service(s)
2026-01-14 01:07:17,890 - __main__ - INFO - Starting publishers...
2026-01-14 01:07:17,890 - __main__ - INFO - Starting kraken_tick: /home/textolytics/nbpy/nbpy/bin/python -m nbpy.zmq.publishers.kraken_tick
2026-01-14 01:07:18,392 - __main__ - INFO - ✓ kraken_tick started (PID: 57508)
2026-01-14 01:07:18,894 - __main__ - INFO - Starting kraken_depth: /home/textolytics/nbpy/nbpy/bin/python -m nbpy.zmq.publishers.kraken_depth
2026-01-14 01:07:19,397 - __main__ - INFO - ✓ kraken_depth started (PID: 57532)
2026-01-14 01:07:19,897 - __main__ - INFO - Starting kraken_orders: /home/textolytics/nbpy/nbpy/bin/python -m nbpy.zmq.publishers.kraken_orders
2026-01-14 01:07:20,399 - __main__ - ERROR - ✗ kraken_orders failed to start
2026-01-14 01:07:20,899 - __main__ - INFO - Starting oanda_tick: /home/textolytics/nbpy/nbpy/bin/python -m nbpy.zmq.publishers.oanda_tick
2026-01-14 01:07:21,401 - __main__ - ERROR - ✗ oanda_tick failed to start
2026-01-14 01:07:21,901 - __main__ - INFO - Starting betfair_stream: /home/textolytics/nbpy/nbpy/bin/python -m nbpy.zmq.publishers.betfair_stream
2026-01-14 01:07:22,402 - __main__ - ERROR - ✗ betfair_stream failed to start
2026-01-14 01:07:22,903 - __main__ - INFO - Stopping publishers...
2026-01-14 01:07:22,903 - __main__ - INFO - Stopping kraken_tick (PID: 57508)...
2026-01-14 01:07:22,911 - __main__ - INFO - ✓ kraken_tick stopped gracefully
2026-01-14 01:07:22,911 - __main__ - INFO - Stopping kraken_depth (PID: 57532)...
2026-01-14 01:07:22,919 - __main__ - INFO - ✓ kraken_depth stopped gracefully
2026-01-14 01:07:22,919 - __main__ - INFO - Stopping kraken_orders (PID: 57552)...
2026-01-14 01:07:22,919 - __main__ - INFO - ✓ kraken_orders stopped gracefully
2026-01-14 01:07:22,919 - __main__ - INFO - Stopping oanda_tick (PID: 57563)...
2026-01-14 01:07:22,919 - __main__ - INFO - ✓ oanda_tick stopped gracefully
2026-01-14 01:07:22,919 - __main__ - INFO - Stopping betfair_stream (PID: 57564)...
2026-01-14 01:07:22,919 - __main__ - INFO - ✓ betfair_stream stopped gracefully
2026-01-14 01:09:41,947 - __main__ - INFO - Initialized ZMQServiceManager
2026-01-14 01:09:41,947 - __main__ - INFO - ======================================================================
2026-01-14 01:09:41,947 - __main__ - INFO - STARTING ALL ZMQ SERVICES
2026-01-14 01:09:41,947 - __main__ - INFO - ======================================================================
2026-01-14 01:09:41,948 - __main__ - INFO - Loaded configuration from /home/textolytics/nbpy/integration_config.json
2026-01-14 01:09:41,948 - __main__ - INFO - Created 5 publisher service(s)
2026-01-14 01:09:41,948 - __main__ - INFO - Created 3 subscriber service(s)
2026-01-14 01:09:41,948 - __main__ - INFO - Starting publishers...
2026-01-14 01:09:41,948 - __main__ - INFO - Starting kraken_tick: /home/textolytics/nbpy/nbpy/bin/python -m nbpy.zmq.publishers.kraken_tick
2026-01-14 01:09:42,450 - __main__ - INFO - ✓ kraken_tick started (PID: 58926)
2026-01-14 01:09:42,951 - __main__ - INFO - Starting kraken_depth: /home/textolytics/nbpy/nbpy/bin/python -m nbpy.zmq.publishers.kraken_depth
2026-01-14 01:09:43,452 - __main__ - INFO - ✓ kraken_depth started (PID: 58950)
2026-01-14 01:09:43,953 - __main__ - INFO - Starting kraken_orders: /home/textolytics/nbpy/nbpy/bin/python -m nbpy.zmq.publishers.kraken_orders
2026-01-14 01:09:44,455 - __main__ - ERROR - ✗ kraken_orders failed to start
2026-01-14 01:09:44,956 - __main__ - INFO - Starting oanda_tick: /home/textolytics/nbpy/nbpy/bin/python -m nbpy.zmq.publishers.oanda_tick
2026-01-14 01:09:45,457 - __main__ - ERROR - ✗ oanda_tick failed to start
2026-01-14 01:09:45,958 - __main__ - INFO - Starting betfair_stream: /home/textolytics/nbpy/nbpy/bin/python -m nbpy.zmq.publishers.betfair_stream
2026-01-14 01:09:46,459 - __main__ - ERROR - ✗ betfair_stream failed to start
2026-01-14 01:09:46,960 - __main__ - INFO - Stopping publishers...
2026-01-14 01:09:46,961 - __main__ - INFO - Stopping kraken_tick (PID: 58926)...
2026-01-14 01:09:46,969 - __main__ - INFO - ✓ kraken_tick stopped gracefully
2026-01-14 01:09:46,969 - __main__ - INFO - Stopping kraken_depth (PID: 58950)...
2026-01-14 01:09:46,977 - __main__ - INFO - ✓ kraken_depth stopped gracefully
2026-01-14 01:09:46,977 - __main__ - INFO - Stopping kraken_orders (PID: 58970)...
2026-01-14 01:09:46,977 - __main__ - INFO - ✓ kraken_orders stopped gracefully
2026-01-14 01:09:46,977 - __main__ - INFO - Stopping oanda_tick (PID: 58981)...
2026-01-14 01:09:46,977 - __main__ - INFO - ✓ oanda_tick stopped gracefully
2026-01-14 01:09:46,977 - __main__ - INFO - Stopping betfair_stream (PID: 58982)...
2026-01-14 01:09:46,977 - __main__ - INFO - ✓ betfair_stream stopped gracefully
2026-01-14 01:17:06,786 - __main__ - INFO - Initialized ZMQServiceManager
2026-01-14 01:17:06,786 - __main__ - INFO - ======================================================================
2026-01-14 01:17:06,786 - __main__ - INFO - STARTING ALL ZMQ SERVICES
2026-01-14 01:17:06,786 - __main__ - INFO - ======================================================================
2026-01-14 01:17:06,786 - __main__ - INFO - Loaded configuration from /home/textolytics/nbpy/integration_config.json
2026-01-14 01:17:06,787 - __main__ - INFO - Created 2 publisher service(s)
2026-01-14 01:17:06,787 - __main__ - INFO - Created 2 subscriber service(s)
2026-01-14 01:17:06,787 - __main__ - INFO - Starting publishers...
2026-01-14 01:17:06,787 - __main__ - INFO - Starting kraken_tick: /home/textolytics/nbpy/nbpy/bin/python -m nbpy.zmq.publishers.kraken_tick
2026-01-14 01:17:07,288 - __main__ - INFO - ✓ kraken_tick started (PID: 62447)
2026-01-14 01:17:07,790 - __main__ - INFO - Starting kraken_depth: /home/textolytics/nbpy/nbpy/bin/python -m nbpy.zmq.publishers.kraken_depth
2026-01-14 01:17:08,293 - __main__ - INFO - ✓ kraken_depth started (PID: 62465)
2026-01-14 01:17:08,793 - __main__ - INFO - Waiting 2 seconds before starting subscribers...
2026-01-14 01:17:10,794 - __main__ - INFO - Starting subscribers...
2026-01-14 01:17:10,795 - __main__ - INFO - Starting kraken_influxdb_tick: /home/textolytics/nbpy/nbpy/bin/python -m nbpy.zmq.subscribers.kraken_influxdb_tick
2026-01-14 01:17:11,297 - __main__ - ERROR - ✗ kraken_influxdb_tick failed to start
2026-01-14 01:17:11,797 - __main__ - INFO - Starting kraken_influxdb_depth: /home/textolytics/nbpy/nbpy/bin/python -m nbpy.zmq.subscribers.kraken_influxdb_depth
2026-01-14 01:17:12,299 - __main__ - ERROR - ✗ kraken_influxdb_depth failed to start
2026-01-14 01:17:12,800 - __main__ - INFO - ======================================================================
2026-01-14 01:17:12,800 - __main__ - INFO - STOPPING ALL ZMQ SERVICES
2026-01-14 01:17:12,801 - __main__ - INFO - ======================================================================
2026-01-14 01:17:12,801 - __main__ - INFO - Stopping subscribers...
2026-01-14 01:17:12,801 - __main__ - INFO - Stopping kraken_influxdb_tick (PID: 62504)...
2026-01-14 01:17:12,801 - __main__ - INFO - ✓ kraken_influxdb_tick stopped gracefully
2026-01-14 01:17:12,801 - __main__ - INFO - Stopping kraken_influxdb_depth (PID: 62505)...
2026-01-14 01:17:12,801 - __main__ - INFO - ✓ kraken_influxdb_depth stopped gracefully
2026-01-14 01:17:13,801 - __main__ - INFO - Stopping publishers...
2026-01-14 01:17:13,802 - __main__ - INFO - Stopping kraken_tick (PID: 62447)...
2026-01-14 01:17:13,809 - __main__ - INFO - ✓ kraken_tick stopped gracefully
2026-01-14 01:17:13,809 - __main__ - INFO - Stopping kraken_depth (PID: 62465)...
2026-01-14 01:17:13,817 - __main__ - INFO - ✓ kraken_depth stopped gracefully
2026-01-14 01:17:13,817 - __main__ - INFO - ======================================================================
2026-01-14 01:17:13,817 - __main__ - INFO - ALL SERVICES STOPPED
2026-01-14 01:17:13,817 - __main__ - INFO - ======================================================================
2026-01-14 01:18:35,736 - __main__ - INFO - Initialized ZMQServiceManager
2026-01-14 01:18:35,737 - __main__ - INFO - ======================================================================
2026-01-14 01:18:35,737 - __main__ - INFO - STARTING ALL ZMQ SERVICES
2026-01-14 01:18:35,737 - __main__ - INFO - ======================================================================
2026-01-14 01:18:35,737 - __main__ - INFO - Loaded configuration from /home/textolytics/nbpy/integration_config.json
2026-01-14 01:18:35,737 - __main__ - INFO - Created 2 publisher service(s)
2026-01-14 01:18:35,737 - __main__ - INFO - Created 2 subscriber service(s)
2026-01-14 01:18:35,737 - __main__ - INFO - Starting publishers...
2026-01-14 01:18:35,737 - __main__ - INFO - Starting kraken_tick: /home/textolytics/nbpy/nbpy/bin/python -m nbpy.zmq.publishers.kraken_tick
2026-01-14 01:18:36,238 - __main__ - INFO - ✓ kraken_tick started (PID: 63883)
2026-01-14 01:18:36,739 - __main__ - INFO - Starting kraken_depth: /home/textolytics/nbpy/nbpy/bin/python -m nbpy.zmq.publishers.kraken_depth
2026-01-14 01:18:37,241 - __main__ - INFO - ✓ kraken_depth started (PID: 63907)
2026-01-14 01:18:37,742 - __main__ - INFO - Waiting 2 seconds before starting subscribers...
2026-01-14 01:18:39,742 - __main__ - INFO - Starting subscribers...
2026-01-14 01:18:39,743 - __main__ - INFO - Starting kraken_influxdb_tick: /home/textolytics/nbpy/nbpy/bin/python -m nbpy.zmq.subscribers.kraken_influxdb_tick
2026-01-14 01:18:40,244 - __main__ - ERROR - ✗ kraken_influxdb_tick failed to start
2026-01-14 01:18:40,745 - __main__ - INFO - Starting kraken_influxdb_depth: /home/textolytics/nbpy/nbpy/bin/python -m nbpy.zmq.subscribers.kraken_influxdb_depth
2026-01-14 01:18:41,247 - __main__ - ERROR - ✗ kraken_influxdb_depth failed to start
2026-01-14 01:18:41,748 - __main__ - INFO - ======================================================================
2026-01-14 01:18:41,749 - __main__ - INFO - STOPPING ALL ZMQ SERVICES
2026-01-14 01:18:41,750 - __main__ - INFO - ======================================================================
2026-01-14 01:18:41,750 - __main__ - INFO - Stopping subscribers...
2026-01-14 01:18:41,750 - __main__ - INFO - Stopping kraken_influxdb_tick (PID: 63933)...
2026-01-14 01:18:41,751 - __main__ - INFO - ✓ kraken_influxdb_tick stopped gracefully
2026-01-14 01:18:41,751 - __main__ - INFO - Stopping kraken_influxdb_depth (PID: 63940)...
2026-01-14 01:18:41,751 - __main__ - INFO - ✓ kraken_influxdb_depth stopped gracefully
2026-01-14 01:18:42,751 - __main__ - INFO - Stopping publishers...
2026-01-14 01:18:42,752 - __main__ - INFO - Stopping kraken_tick (PID: 63883)...
2026-01-14 01:18:42,760 - __main__ - INFO - ✓ kraken_tick stopped gracefully
2026-01-14 01:18:42,760 - __main__ - INFO - Stopping kraken_depth (PID: 63907)...
2026-01-14 01:18:42,764 - __main__ - INFO - ✓ kraken_depth stopped gracefully
2026-01-14 01:18:42,764 - __main__ - INFO - ======================================================================
2026-01-14 01:18:42,764 - __main__ - INFO - ALL SERVICES STOPPED
2026-01-14 01:18:42,764 - __main__ - INFO - ======================================================================
2026-01-14 02:22:27,741 - __main__ - INFO - Initialized ZMQServiceManager
2026-01-14 02:22:27,741 - __main__ - INFO - ======================================================================
2026-01-14 02:22:27,741 - __main__ - INFO - STARTING ALL ZMQ SERVICES
2026-01-14 02:22:27,741 - __main__ - INFO - ======================================================================
2026-01-14 02:22:27,742 - __main__ - INFO - Loaded configuration from /home/textolytics/nbpy/integration_config.json
2026-01-14 02:22:27,742 - __main__ - INFO - Created 2 publisher service(s)
2026-01-14 02:22:27,742 - __main__ - INFO - Created 2 subscriber service(s)
2026-01-14 02:22:27,742 - __main__ - INFO - Starting publishers...
2026-01-14 02:22:27,742 - __main__ - INFO - Starting kraken_tick: /home/textolytics/nbpy/nbpy/bin/python -m nbpy.zmq.publishers.kraken_tick
2026-01-14 02:22:28,243 - __main__ - ERROR - ✗ kraken_tick failed to start
2026-01-14 02:22:28,743 - __main__ - INFO - Starting kraken_depth: /home/textolytics/nbpy/nbpy/bin/python -m nbpy.zmq.publishers.kraken_depth
2026-01-14 02:22:29,245 - __main__ - ERROR - ✗ kraken_depth failed to start
2026-01-14 02:22:29,745 - __main__ - INFO - Stopping publishers...
2026-01-14 02:22:29,745 - __main__ - INFO - Stopping kraken_tick (PID: 93869)...
2026-01-14 02:22:29,745 - __main__ - INFO - ✓ kraken_tick stopped gracefully
2026-01-14 02:22:29,746 - __main__ - INFO - Stopping kraken_depth (PID: 93883)...
2026-01-14 02:22:29,746 - __main__ - INFO - ✓ kraken_depth stopped gracefully
2026-01-14 02:32:01,928 - __main__ - INFO - Initialized ZMQServiceManager
2026-01-14 02:32:01,929 - __main__ - INFO - ======================================================================
2026-01-14 02:32:01,929 - __main__ - INFO - STARTING ALL ZMQ SERVICES
2026-01-14 02:32:01,929 - __main__ - INFO - ======================================================================
2026-01-14 02:32:01,929 - __main__ - INFO - Loaded configuration from /home/textolytics/nbpy/integration_config.json
2026-01-14 02:32:01,929 - __main__ - INFO - Created 2 publisher service(s)
2026-01-14 02:32:01,929 - __main__ - INFO - Created 2 subscriber service(s)
2026-01-14 02:32:01,929 - __main__ - INFO - Starting publishers...
2026-01-14 02:32:01,929 - __main__ - INFO - Starting kraken_tick: /home/textolytics/nbpy/nbpy/bin/python -m nbpy.zmq.publishers.kraken_tick
2026-01-14 02:32:02,431 - __main__ - ERROR - ✗ kraken_tick failed to start
2026-01-14 02:32:02,932 - __main__ - INFO - Starting kraken_depth: /home/textolytics/nbpy/nbpy/bin/python -m nbpy.zmq.publishers.kraken_depth
2026-01-14 02:32:03,433 - __main__ - ERROR - ✗ kraken_depth failed to start
2026-01-14 02:32:03,934 - __main__ - INFO - Stopping publishers...
2026-01-14 02:32:03,935 - __main__ - INFO - Stopping kraken_tick (PID: 98942)...
2026-01-14 02:32:03,936 - __main__ - INFO - ✓ kraken_tick stopped gracefully
2026-01-14 02:32:03,936 - __main__ - INFO - Stopping kraken_depth (PID: 98992)...
2026-01-14 02:32:03,937 - __main__ - INFO - ✓ kraken_depth stopped gracefully
2026-01-14 02:34:08,825 - __main__ - INFO - Initialized ZMQServiceManager
2026-01-14 02:34:08,825 - __main__ - INFO - ======================================================================
2026-01-14 02:34:08,825 - __main__ - INFO - STARTING ALL ZMQ SERVICES
2026-01-14 02:34:08,825 - __main__ - INFO - ======================================================================
2026-01-14 02:34:08,826 - __main__ - INFO - Loaded configuration from /home/textolytics/nbpy/integration_config.json
2026-01-14 02:34:08,826 - __main__ - INFO - Created 2 publisher service(s)
2026-01-14 02:34:08,826 - __main__ - INFO - Created 2 subscriber service(s)
2026-01-14 02:34:08,826 - __main__ - INFO - Starting publishers...
2026-01-14 02:34:08,826 - __main__ - INFO - Starting kraken_tick: /home/textolytics/nbpy/nbpy/bin/python -m nbpy.zmq.publishers.kraken_tick
2026-01-14 02:34:09,327 - __main__ - ERROR - ✗ kraken_tick failed to start
2026-01-14 02:34:09,827 - __main__ - INFO - Starting kraken_depth: /home/textolytics/nbpy/nbpy/bin/python -m nbpy.zmq.publishers.kraken_depth
2026-01-14 02:34:10,329 - __main__ - ERROR - ✗ kraken_depth failed to start
2026-01-14 02:34:10,830 - __main__ - INFO - Stopping publishers...
2026-01-14 02:34:10,830 - __main__ - INFO - Stopping kraken_tick (PID: 100902)...
2026-01-14 02:34:10,830 - __main__ - INFO - ✓ kraken_tick stopped gracefully
2026-01-14 02:34:10,831 - __main__ - INFO - Stopping kraken_depth (PID: 100919)...
2026-01-14 02:34:10,831 - __main__ - INFO - ✓ kraken_depth stopped gracefully
2026-01-14 02:46:16,429 - __main__ - INFO - Initialized ZMQServiceManager
2026-01-14 02:46:16,429 - __main__ - INFO - ======================================================================
2026-01-14 02:46:16,429 - __main__ - INFO - STARTING ALL ZMQ SERVICES
2026-01-14 02:46:16,429 - __main__ - INFO - ======================================================================
2026-01-14 02:46:16,431 - __main__ - INFO - Loaded configuration from /home/textolytics/nbpy/integration_config.json
2026-01-14 02:46:16,432 - __main__ - INFO - Created 2 publisher service(s)
2026-01-14 02:46:16,432 - __main__ - INFO - Created 2 subscriber service(s)
2026-01-14 02:46:16,432 - __main__ - INFO - Starting publishers...
2026-01-14 02:46:16,432 - __main__ - INFO - Starting kraken_tick: /home/textolytics/nbpy/nbpy/bin/python -m nbpy.zmq.publishers.kraken_tick
2026-01-14 02:46:16,934 - __main__ - ERROR - ✗ kraken_tick failed to start
2026-01-14 02:46:17,436 - __main__ - INFO - Starting kraken_depth: /home/textolytics/nbpy/nbpy/bin/python -m nbpy.zmq.publishers.kraken_depth
2026-01-14 02:46:17,939 - __main__ - ERROR - ✗ kraken_depth failed to start
2026-01-14 02:46:18,440 - __main__ - INFO - Stopping publishers...
2026-01-14 02:46:18,442 - __main__ - INFO - Stopping kraken_tick (PID: 106511)...
2026-01-14 02:46:18,442 - __main__ - INFO - ✓ kraken_tick stopped gracefully
2026-01-14 02:46:18,442 - __main__ - INFO - Stopping kraken_depth (PID: 106526)...
2026-01-14 02:46:18,443 - __main__ - INFO - ✓ kraken_depth stopped gracefully
